<?xml version="1.0" encoding="UTF-8"?>
<!-- Generated by org.testng.reporters.JUnitXMLReporter -->
<testsuite ignored="0" hostname="DESKTOP-1TTDB2G" failures="0" tests="3" name="AddEmployeeTest" time="29.973" errors="0" timestamp="2021-10-20T01:48:26 EDT">
  <testcase classname="com.neotech.testcases.AddEmployeeTest" name="AddEmployee" time="6.91"/>
  <testcase classname="com.neotech.testcases.AddEmployeeTest" name="AddEmployee" time="6.846"/>
  <testcase classname="com.neotech.testcases.AddEmployeeTest" name="AddEmployee" time="6.742"/>
</testsuite> <!-- AddEmployeeTest -->
