<?xml version="1.0" encoding="UTF-8"?>
<!-- Generated by org.testng.reporters.JUnitXMLReporter -->
<testsuite hostname="DESKTOP-1TTDB2G" ignored="12" name="Regression Test" tests="3" failures="1" timestamp="2021-10-16T01:31:24 EDT" time="25.232" errors="0">
  <testcase name="emptyPasswordLogin" time="3.185" classname="com.neotech.testcases.LoginTest"/>
  <testcase name="invalidPasswordLogin" time="4.794" classname="com.neotech.testcases.LoginTest">
    <failure type="java.lang.AssertionError" message="Error message does not match expected [Invalid credentials-Bla-Bla] but found [Invalid credentials]">
      <![CDATA[java.lang.AssertionError: Error message does not match expected [Invalid credentials-Bla-Bla] but found [Invalid credentials]
at com.neotech.testcases.LoginTest.invalidPasswordLogin(LoginTest.java:97)
at java.util.ArrayList.forEach(ArrayList.java:1259)
... Removed 36 stack frames]]>
    </failure>
  </testcase> <!-- invalidPasswordLogin -->
  <testcase name="validLogin" time="6.866" classname="com.neotech.testcases.LoginTest"/>
  <testcase name="softAssert" time="0.0" classname="com.neotech.testcases.AssertionDemo">
    <ignored/>
  </testcase> <!-- softAssert -->
  <testcase name="test1" time="0.0" classname="com.neotech.testcases.AssertionDemo">
    <ignored/>
  </testcase> <!-- test1 -->
  <testcase name="test1" time="0.0" classname="com.neotech.testcases.GroupsDemo">
    <ignored/>
  </testcase> <!-- test1 -->
  <testcase name="test1" time="0.0" classname="com.neotech.testcases.Annotations">
    <ignored/>
  </testcase> <!-- test1 -->
  <testcase name="test2" time="0.0" classname="com.neotech.testcases.AssertionDemo">
    <ignored/>
  </testcase> <!-- test2 -->
  <testcase name="test2" time="0.0" classname="com.neotech.testcases.GroupsDemo">
    <ignored/>
  </testcase> <!-- test2 -->
  <testcase name="@AfterTest writeReport" time="0.0" classname="com.neotech.testbase.BaseClass">
    <ignored/>
  </testcase> <!-- @AfterTest writeReport -->
  <testcase name="test2" time="0.0" classname="com.neotech.testcases.Annotations">
    <ignored/>
  </testcase> <!-- test2 -->
  <testcase name="printInformation" time="0.0" classname="com.neotech.testcases.DataProviderDemo">
    <ignored/>
  </testcase> <!-- printInformation -->
  <testcase name="test4" time="0.0" classname="com.neotech.testcases.AssertionDemo">
    <ignored/>
  </testcase> <!-- test4 -->
  <testcase name="@BeforeTest generateReport" time="0.0" classname="com.neotech.testbase.BaseClass">
    <ignored/>
  </testcase> <!-- @BeforeTest generateReport -->
  <testcase name="test3" time="0.0" classname="com.neotech.testcases.AssertionDemo">
    <ignored/>
  </testcase> <!-- test3 -->
</testsuite> <!-- Regression Test -->
