<?xml version="1.0" encoding="UTF-8"?>
<testng-results ignored="14" total="15" passed="1" failed="0" skipped="0">
  <reporter-output>
  </reporter-output>
  <suite started-at="2021-10-16T01:37:50 EDT" name="Smoke Suite" finished-at="2021-10-16T01:38:00 EDT" duration-ms="9827">
    <groups>
      <group name="regression">
        <method signature="LoginTest.validLogin()[pri:0, instance:com.neotech.testcases.LoginTest@3d5c822d]" name="validLogin" class="com.neotech.testcases.LoginTest"/>
      </group> <!-- regression -->
      <group name="smoke">
        <method signature="LoginTest.validLogin()[pri:0, instance:com.neotech.testcases.LoginTest@3d5c822d]" name="validLogin" class="com.neotech.testcases.LoginTest"/>
      </group> <!-- smoke -->
    </groups>
    <test started-at="2021-10-16T01:37:50 EDT" name="Smoke Test" finished-at="2021-10-16T01:38:00 EDT" duration-ms="9827">
      <class name="com.neotech.testcases.AddEmployeeTest">
        <test-method is-config="true" signature="generateReport()[pri:0, instance:com.neotech.testcases.AddEmployeeTest@14555e0a]" started-at="2021-10-16T01:37:50 EDT" name="generateReport" finished-at="2021-10-16T01:37:50 EDT" duration-ms="119" status="PASS">
          <reporter-output>
          </reporter-output>
        </test-method> <!-- generateReport -->
        <test-method is-config="true" signature="writeReport()[pri:0, instance:com.neotech.testcases.AddEmployeeTest@14555e0a]" started-at="2021-10-16T01:37:59 EDT" name="writeReport" finished-at="2021-10-16T01:38:00 EDT" duration-ms="286" status="PASS">
          <reporter-output>
          </reporter-output>
        </test-method> <!-- writeReport -->
      </class> <!-- com.neotech.testcases.AddEmployeeTest -->
      <class name="com.neotech.testcases.LoginTest">
        <test-method is-config="true" signature="setUp()[pri:0, instance:com.neotech.testcases.LoginTest@3d5c822d]" started-at="2021-10-16T01:37:50 EDT" name="setUp" finished-at="2021-10-16T01:37:53 EDT" duration-ms="2679" status="PASS">
          <reporter-output>
          </reporter-output>
        </test-method> <!-- setUp -->
        <test-method signature="validLogin()[pri:0, instance:com.neotech.testcases.LoginTest@3d5c822d]" started-at="2021-10-16T01:37:53 EDT" name="validLogin" finished-at="2021-10-16T01:37:59 EDT" duration-ms="5895" status="PASS">
          <reporter-output>
          </reporter-output>
        </test-method> <!-- validLogin -->
        <test-method is-config="true" signature="tearDown()[pri:0, instance:com.neotech.testcases.LoginTest@3d5c822d]" started-at="2021-10-16T01:37:59 EDT" name="tearDown" finished-at="2021-10-16T01:37:59 EDT" duration-ms="638" status="PASS">
          <reporter-output>
          </reporter-output>
        </test-method> <!-- tearDown -->
      </class> <!-- com.neotech.testcases.LoginTest -->
    </test> <!-- Smoke Test -->
  </suite> <!-- Smoke Suite -->
</testng-results>
