<?xml version="1.0" encoding="UTF-8"?>
<testng-results ignored="12" total="18" passed="5" failed="1" skipped="0">
  <reporter-output>
  </reporter-output>
  <suite started-at="2021-10-23T01:41:31 EDT" name="Regression Suite" finished-at="2021-10-23T01:42:22 EDT" duration-ms="50951">
    <groups>
      <group name="AddEmployee">
        <method signature="AddEmployeeTest.AddEmployee(java.lang.String, java.lang.String, java.lang.String, java.lang.String)[pri:0, instance:com.neotech.testcases.AddEmployeeTest@5d7148e2]" name="AddEmployee" class="com.neotech.testcases.AddEmployeeTest"/>
      </group> <!-- AddEmployee -->
      <group name="regression">
        <method signature="AddEmployeeTest.AddEmployee(java.lang.String, java.lang.String, java.lang.String, java.lang.String)[pri:0, instance:com.neotech.testcases.AddEmployeeTest@5d7148e2]" name="AddEmployee" class="com.neotech.testcases.AddEmployeeTest"/>
        <method signature="LoginTest.emptyPasswordLogin()[pri:0, instance:com.neotech.testcases.LoginTest@7bd4937b]" name="emptyPasswordLogin" class="com.neotech.testcases.LoginTest"/>
        <method signature="LoginTest.invalidPasswordLogin()[pri:0, instance:com.neotech.testcases.LoginTest@7bd4937b]" name="invalidPasswordLogin" class="com.neotech.testcases.LoginTest"/>
        <method signature="LoginTest.validLogin()[pri:0, instance:com.neotech.testcases.LoginTest@7bd4937b]" name="validLogin" class="com.neotech.testcases.LoginTest"/>
      </group> <!-- regression -->
      <group name="smoke">
        <method signature="LoginTest.validLogin()[pri:0, instance:com.neotech.testcases.LoginTest@7bd4937b]" name="validLogin" class="com.neotech.testcases.LoginTest"/>
      </group> <!-- smoke -->
    </groups>
    <test started-at="2021-10-23T01:41:31 EDT" name="Regression Test" finished-at="2021-10-23T01:42:22 EDT" duration-ms="50951">
      <class name="com.neotech.testcases.AddEmployeeTest">
        <test-method is-config="true" signature="generateReport()[pri:0, instance:com.neotech.testcases.AddEmployeeTest@5d7148e2]" started-at="2021-10-23T01:41:31 EDT" name="generateReport" finished-at="2021-10-23T01:41:32 EDT" duration-ms="187" status="PASS">
          <reporter-output>
          </reporter-output>
        </test-method> <!-- generateReport -->
        <test-method is-config="true" signature="setUp()[pri:0, instance:com.neotech.testcases.AddEmployeeTest@5d7148e2]" started-at="2021-10-23T01:41:32 EDT" name="setUp" finished-at="2021-10-23T01:41:35 EDT" duration-ms="2428" status="PASS">
          <reporter-output>
          </reporter-output>
        </test-method> <!-- setUp -->
        <test-method signature="AddEmployee(java.lang.String, java.lang.String, java.lang.String, java.lang.String)[pri:0, instance:com.neotech.testcases.AddEmployeeTest@5d7148e2]" started-at="2021-10-23T01:41:35 EDT" name="AddEmployee" data-provider="userExcelData" finished-at="2021-10-23T01:41:41 EDT" duration-ms="6759" status="PASS">
          <params>
            <param index="0">
              <value>
                <![CDATA[John]]>
              </value>
            </param>
            <param index="1">
              <value>
                <![CDATA[Smith]]>
              </value>
            </param>
            <param index="2">
              <value>
                <![CDATA[john999]]>
              </value>
            </param>
            <param index="3">
              <value>
                <![CDATA[AmirKhan_@123]]>
              </value>
            </param>
          </params>
          <reporter-output>
          </reporter-output>
        </test-method> <!-- AddEmployee -->
        <test-method is-config="true" signature="tearDown()[pri:0, instance:com.neotech.testcases.AddEmployeeTest@5d7148e2]" started-at="2021-10-23T01:41:41 EDT" name="tearDown" finished-at="2021-10-23T01:41:42 EDT" duration-ms="600" status="PASS">
          <reporter-output>
          </reporter-output>
        </test-method> <!-- tearDown -->
        <test-method is-config="true" signature="setUp()[pri:0, instance:com.neotech.testcases.AddEmployeeTest@5d7148e2]" started-at="2021-10-23T01:41:42 EDT" name="setUp" finished-at="2021-10-23T01:41:44 EDT" duration-ms="1812" status="PASS">
          <reporter-output>
          </reporter-output>
        </test-method> <!-- setUp -->
        <test-method signature="AddEmployee(java.lang.String, java.lang.String, java.lang.String, java.lang.String)[pri:0, instance:com.neotech.testcases.AddEmployeeTest@5d7148e2]" started-at="2021-10-23T01:41:44 EDT" name="AddEmployee" data-provider="userExcelData" finished-at="2021-10-23T01:41:51 EDT" duration-ms="6673" status="PASS">
          <params>
            <param index="0">
              <value>
                <![CDATA[Mary]]>
              </value>
            </param>
            <param index="1">
              <value>
                <![CDATA[Ann]]>
              </value>
            </param>
            <param index="2">
              <value>
                <![CDATA[mary999]]>
              </value>
            </param>
            <param index="3">
              <value>
                <![CDATA[AmirKhan_@123]]>
              </value>
            </param>
          </params>
          <reporter-output>
          </reporter-output>
        </test-method> <!-- AddEmployee -->
        <test-method is-config="true" signature="tearDown()[pri:0, instance:com.neotech.testcases.AddEmployeeTest@5d7148e2]" started-at="2021-10-23T01:41:51 EDT" name="tearDown" finished-at="2021-10-23T01:41:51 EDT" duration-ms="606" status="PASS">
          <reporter-output>
          </reporter-output>
        </test-method> <!-- tearDown -->
        <test-method is-config="true" signature="setUp()[pri:0, instance:com.neotech.testcases.AddEmployeeTest@5d7148e2]" started-at="2021-10-23T01:41:51 EDT" name="setUp" finished-at="2021-10-23T01:41:53 EDT" duration-ms="1857" status="PASS">
          <reporter-output>
          </reporter-output>
        </test-method> <!-- setUp -->
        <test-method signature="AddEmployee(java.lang.String, java.lang.String, java.lang.String, java.lang.String)[pri:0, instance:com.neotech.testcases.AddEmployeeTest@5d7148e2]" started-at="2021-10-23T01:41:53 EDT" name="AddEmployee" data-provider="userExcelData" finished-at="2021-10-23T01:42:00 EDT" duration-ms="6680" status="PASS">
          <params>
            <param index="0">
              <value>
                <![CDATA[Ali]]>
              </value>
            </param>
            <param index="1">
              <value>
                <![CDATA[Tarlaci]]>
              </value>
            </param>
            <param index="2">
              <value>
                <![CDATA[ali999]]>
              </value>
            </param>
            <param index="3">
              <value>
                <![CDATA[AmirKhan_@123]]>
              </value>
            </param>
          </params>
          <reporter-output>
          </reporter-output>
        </test-method> <!-- AddEmployee -->
        <test-method is-config="true" signature="tearDown()[pri:0, instance:com.neotech.testcases.AddEmployeeTest@5d7148e2]" started-at="2021-10-23T01:42:00 EDT" name="tearDown" finished-at="2021-10-23T01:42:01 EDT" duration-ms="598" status="PASS">
          <reporter-output>
          </reporter-output>
        </test-method> <!-- tearDown -->
        <test-method is-config="true" signature="writeReport()[pri:0, instance:com.neotech.testcases.AddEmployeeTest@5d7148e2]" started-at="2021-10-23T01:42:22 EDT" name="writeReport" finished-at="2021-10-23T01:42:22 EDT" duration-ms="252" status="PASS">
          <reporter-output>
          </reporter-output>
        </test-method> <!-- writeReport -->
      </class> <!-- com.neotech.testcases.AddEmployeeTest -->
      <class name="com.neotech.testcases.LoginTest">
        <test-method is-config="true" signature="setUp()[pri:0, instance:com.neotech.testcases.LoginTest@7bd4937b]" started-at="2021-10-23T01:42:01 EDT" name="setUp" finished-at="2021-10-23T01:42:03 EDT" duration-ms="1905" status="PASS">
          <reporter-output>
          </reporter-output>
        </test-method> <!-- setUp -->
        <test-method signature="emptyPasswordLogin()[pri:0, instance:com.neotech.testcases.LoginTest@7bd4937b]" started-at="2021-10-23T01:42:03 EDT" name="emptyPasswordLogin" finished-at="2021-10-23T01:42:06 EDT" duration-ms="3153" status="PASS">
          <reporter-output>
          </reporter-output>
        </test-method> <!-- emptyPasswordLogin -->
        <test-method is-config="true" signature="tearDown()[pri:0, instance:com.neotech.testcases.LoginTest@7bd4937b]" started-at="2021-10-23T01:42:06 EDT" name="tearDown" finished-at="2021-10-23T01:42:07 EDT" duration-ms="647" status="PASS">
          <reporter-output>
          </reporter-output>
        </test-method> <!-- tearDown -->
        <test-method is-config="true" signature="setUp()[pri:0, instance:com.neotech.testcases.LoginTest@7bd4937b]" started-at="2021-10-23T01:42:07 EDT" name="setUp" finished-at="2021-10-23T01:42:08 EDT" duration-ms="1949" status="PASS">
          <reporter-output>
          </reporter-output>
        </test-method> <!-- setUp -->
        <test-method signature="invalidPasswordLogin()[pri:0, instance:com.neotech.testcases.LoginTest@7bd4937b]" started-at="2021-10-23T01:42:08 EDT" name="invalidPasswordLogin" finished-at="2021-10-23T01:42:13 EDT" duration-ms="4751" status="FAIL">
          <exception class="java.lang.AssertionError">
            <message>
              <![CDATA[Error message does not match expected [Invalid credentials-Bla-Bla] but found [Invalid credentials]]]>
            </message>
            <full-stacktrace>
              <![CDATA[java.lang.AssertionError: Error message does not match expected [Invalid credentials-Bla-Bla] but found [Invalid credentials]
at org.testng.Assert.fail(Assert.java:99)
at org.testng.Assert.failNotEquals(Assert.java:1037)
at org.testng.Assert.assertEqualsImpl(Assert.java:140)
at org.testng.Assert.assertEquals(Assert.java:122)
at org.testng.Assert.assertEquals(Assert.java:629)
at com.neotech.testcases.LoginTest.invalidPasswordLogin(LoginTest.java:97)
at java.base/jdk.internal.reflect.NativeMethodAccessorImpl.invoke0(Native Method)
at java.base/jdk.internal.reflect.NativeMethodAccessorImpl.invoke(NativeMethodAccessorImpl.java:64)
at java.base/jdk.internal.reflect.DelegatingMethodAccessorImpl.invoke(DelegatingMethodAccessorImpl.java:43)
at java.base/java.lang.reflect.Method.invoke(Method.java:564)
at org.testng.internal.MethodInvocationHelper.invokeMethod(MethodInvocationHelper.java:132)
at org.testng.internal.TestInvoker.invokeMethod(TestInvoker.java:599)
at org.testng.internal.TestInvoker.invokeTestMethod(TestInvoker.java:174)
at org.testng.internal.MethodRunner.runInSequence(MethodRunner.java:46)
at org.testng.internal.TestInvoker$MethodInvocationAgent.invoke(TestInvoker.java:822)
at org.testng.internal.TestInvoker.invokeTestMethods(TestInvoker.java:147)
at org.testng.internal.TestMethodWorker.invokeTestMethods(TestMethodWorker.java:146)
at org.testng.internal.TestMethodWorker.run(TestMethodWorker.java:128)
at java.base/java.util.ArrayList.forEach(ArrayList.java:1511)
at org.testng.TestRunner.privateRun(TestRunner.java:764)
at org.testng.TestRunner.run(TestRunner.java:585)
at org.testng.SuiteRunner.runTest(SuiteRunner.java:384)
at org.testng.SuiteRunner.runSequentially(SuiteRunner.java:378)
at org.testng.SuiteRunner.privateRun(SuiteRunner.java:337)
at org.testng.SuiteRunner.run(SuiteRunner.java:286)
at org.testng.SuiteRunnerWorker.runSuite(SuiteRunnerWorker.java:53)
at org.testng.SuiteRunnerWorker.run(SuiteRunnerWorker.java:96)
at org.testng.TestNG.runSuitesSequentially(TestNG.java:1218)
at org.testng.TestNG.runSuitesLocally(TestNG.java:1140)
at org.testng.TestNG.runSuites(TestNG.java:1069)
at org.testng.TestNG.run(TestNG.java:1037)
at org.testng.remote.AbstractRemoteTestNG.run(AbstractRemoteTestNG.java:115)
at org.testng.remote.RemoteTestNG.initAndRun(RemoteTestNG.java:251)
at org.testng.remote.RemoteTestNG.main(RemoteTestNG.java:77)
]]>
            </full-stacktrace>
          </exception> <!-- java.lang.AssertionError -->
          <reporter-output>
          </reporter-output>
        </test-method> <!-- invalidPasswordLogin -->
        <test-method is-config="true" signature="tearDown()[pri:0, instance:com.neotech.testcases.LoginTest@7bd4937b]" started-at="2021-10-23T01:42:13 EDT" name="tearDown" finished-at="2021-10-23T01:42:14 EDT" duration-ms="648" status="PASS">
          <reporter-output>
          </reporter-output>
        </test-method> <!-- tearDown -->
        <test-method is-config="true" signature="setUp()[pri:0, instance:com.neotech.testcases.LoginTest@7bd4937b]" started-at="2021-10-23T01:42:14 EDT" name="setUp" finished-at="2021-10-23T01:42:16 EDT" duration-ms="2056" status="PASS">
          <reporter-output>
          </reporter-output>
        </test-method> <!-- setUp -->
        <test-method signature="validLogin()[pri:0, instance:com.neotech.testcases.LoginTest@7bd4937b]" started-at="2021-10-23T01:42:16 EDT" name="validLogin" finished-at="2021-10-23T01:42:21 EDT" duration-ms="5150" status="PASS">
          <reporter-output>
          </reporter-output>
        </test-method> <!-- validLogin -->
        <test-method is-config="true" signature="tearDown()[pri:0, instance:com.neotech.testcases.LoginTest@7bd4937b]" started-at="2021-10-23T01:42:21 EDT" name="tearDown" finished-at="2021-10-23T01:42:22 EDT" duration-ms="633" status="PASS">
          <reporter-output>
          </reporter-output>
        </test-method> <!-- tearDown -->
      </class> <!-- com.neotech.testcases.LoginTest -->
    </test> <!-- Regression Test -->
  </suite> <!-- Regression Suite -->
</testng-results>
